  input dimension: 1
  hidden dimension: 256
  output dimension: 256
  number of LSTM layers: 2
  number of epochs: 10
  batch size: 32
(16185, 8000)
N muestras/se単al:  8000
N se単ales:  16185
0 241
  x_test: (100, 8000, 1) (uint8)
  x_dev: (100, 8000, 1) (uint8)
  x_train: (100, 8000, 1) (uint8)
  x_dev_aux: (10, 100, 1) (uint8)
  x_train_aux: (10, 100, 1) (uint8)
Net(
  (lstm): LSTM(1, 256, num_layers=2, batch_first=True, dropout=0.5)
  (fc): Linear(in_features=256, out_features=256, bias=True)
  (J): CrossEntropyLoss()
)
# param:    857344
torch.Size([10, 99, 256]) <class 'torch.Tensor'>
torch.Size([10, 99, 1]) <class 'torch.Tensor'>
it 0/10, Jtr = 0.000563, time: 6.39s
    Jdev = 0.055149

torch.Size([10, 99, 256]) <class 'torch.Tensor'>
torch.Size([10, 99, 1]) <class 'torch.Tensor'>
it 1/10, Jtr = 0.000542, time: 0.71s
    Jdev = 0.053879

torch.Size([10, 99, 256]) <class 'torch.Tensor'>
torch.Size([10, 99, 1]) <class 'torch.Tensor'>
it 2/10, Jtr = 0.000519, time: 0.70s
    Jdev = 0.052316

torch.Size([10, 99, 256]) <class 'torch.Tensor'>
torch.Size([10, 99, 1]) <class 'torch.Tensor'>
it 3/10, Jtr = 0.000490, time: 0.71s
    Jdev = 0.050582

torch.Size([10, 99, 256]) <class 'torch.Tensor'>
torch.Size([10, 99, 1]) <class 'torch.Tensor'>
it 4/10, Jtr = 0.000454, time: 0.71s
    Jdev = 0.049208

torch.Size([10, 99, 256]) <class 'torch.Tensor'>
torch.Size([10, 99, 1]) <class 'torch.Tensor'>
it 5/10, Jtr = 0.000420, time: 0.70s
    Jdev = 0.048856

torch.Size([10, 99, 256]) <class 'torch.Tensor'>
torch.Size([10, 99, 1]) <class 'torch.Tensor'>
it 6/10, Jtr = 0.000394, time: 0.71s
    Jdev = 0.049721

torch.Size([10, 99, 256]) <class 'torch.Tensor'>
torch.Size([10, 99, 1]) <class 'torch.Tensor'>
it 7/10, Jtr = 0.000384, time: 0.71s
    Jdev = 0.050532

torch.Size([10, 99, 256]) <class 'torch.Tensor'>
torch.Size([10, 99, 1]) <class 'torch.Tensor'>
it 8/10, Jtr = 0.000382, time: 0.70s
    Jdev = 0.050375

torch.Size([10, 99, 256]) <class 'torch.Tensor'>
torch.Size([10, 99, 1]) <class 'torch.Tensor'>
it 9/10, Jtr = 0.000377, time: 0.71s
    Jdev = 0.049602

----------------------------------
t: 0, x_correct: 0.000000, highest prob: 128.000000:
Valor real w:  [0]
palabra codificado:  [1, 1, 1, 1, 1, 1, 1, 1, 1, 1, 1, 1, 1, 1, 1, 1, 1, 1, 1, 1, 1, 1, 1, 1, 1, 1, 1, 1, 1, 1, 1, 1, 1, 1, 1, 1, 1, 1, 1, 1, 1, 1, 1, 1, 1, 1, 1, 1, 1, 1, 1, 1, 1, 1, 1, 1, 1, 1, 1, 1, 1, 1, 1, 1, 1, 1, 1, 1, 1, 1, 1, 1, 1, 1, 1, 1, 1, 1, 1, 1, 1, 1, 1, 1, 1, 1, 1, 1, 1, 0]
x_t:  tensor([[[0.]]])
----------------------------------
----------------------------------
t: 200, x_correct: 129.000000, highest prob: 128.000000:
Valor real w:  [129]
palabra codificado:  [1, 1, 0]
x_t:  tensor([[[129.]]])
----------------------------------
----------------------------------
t: 400, x_correct: 126.000000, highest prob: 128.000000:
Valor real w:  [126]
palabra codificado:  [1, 0]
x_t:  tensor([[[126.]]])
----------------------------------
----------------------------------
t: 600, x_correct: 128.000000, highest prob: 128.000000:
Valor real w:  [128]
palabra codificado:  [0]
x_t:  tensor([[[128.]]])
----------------------------------
----------------------------------
t: 800, x_correct: 128.000000, highest prob: 128.000000:
Valor real w:  [128]
palabra codificado:  [0]
x_t:  tensor([[[128.]]])
----------------------------------
----------------------------------
t: 1000, x_correct: 127.000000, highest prob: 128.000000:
Valor real w:  [127]
palabra codificado:  [1, 1, 1, 1, 0]
x_t:  tensor([[[127.]]])
----------------------------------
----------------------------------
t: 1200, x_correct: 139.000000, highest prob: 128.000000:
Valor real w:  [139]
palabra codificado:  [1, 1, 1, 1, 1, 1, 1, 1, 1, 1, 1, 1, 1, 1, 1, 1, 1, 1, 1, 1, 1, 1, 1, 1, 1, 1, 1, 1, 1, 1, 1, 1, 1, 1, 1, 1, 1, 1, 1, 1, 1, 1, 1, 1, 1, 0]
x_t:  tensor([[[139.]]])
----------------------------------
----------------------------------
t: 1400, x_correct: 96.000000, highest prob: 128.000000:
Valor real w:  [96]
palabra codificado:  [1, 1, 1, 1, 1, 1, 1, 1, 1, 1, 1, 0]
x_t:  tensor([[[96.]]])
----------------------------------
----------------------------------
t: 1600, x_correct: 101.000000, highest prob: 128.000000:
Valor real w:  [101]
palabra codificado:  [1, 1, 1, 1, 1, 1, 1, 1, 1, 1, 1, 1, 1, 1, 1, 1, 1, 1, 1, 1, 1, 1, 1, 1, 1, 1, 1, 1, 1, 1, 1, 1, 1, 1, 1, 0]
x_t:  tensor([[[101.]]])
----------------------------------
----------------------------------
t: 1800, x_correct: 116.000000, highest prob: 128.000000:
Valor real w:  [116]
palabra codificado:  [1, 1, 1, 1, 1, 1, 1, 1, 1, 1, 1, 1, 1, 1, 1, 1, 1, 1, 1, 1, 1, 1, 1, 1, 1, 1, 1, 1, 1, 1, 1, 1, 1, 1, 1, 1, 1, 1, 0]
x_t:  tensor([[[116.]]])
----------------------------------
----------------------------------
t: 2000, x_correct: 141.000000, highest prob: 128.000000:
Valor real w:  [141]
palabra codificado:  [1, 1, 1, 1, 1, 1, 1, 1, 1, 1, 1, 1, 1, 1, 0]
x_t:  tensor([[[141.]]])
----------------------------------
----------------------------------
t: 2200, x_correct: 162.000000, highest prob: 128.000000:
Valor real w:  [162]
palabra codificado:  [1, 1, 1, 1, 1, 1, 1, 1, 1, 1, 1, 1, 1, 1, 1, 1, 1, 1, 1, 1, 1, 1, 1, 1, 1, 1, 1, 1, 1, 1, 1, 1, 1, 1, 1, 1, 1, 1, 1, 1, 1, 1, 1, 1, 1, 1, 1, 1, 1, 1, 1, 1, 1, 1, 1, 1, 1, 1, 1, 1, 1, 1, 1, 0]
x_t:  tensor([[[162.]]])
----------------------------------
----------------------------------
t: 2400, x_correct: 106.000000, highest prob: 128.000000:
Valor real w:  [106]
palabra codificado:  [1, 1, 1, 1, 1, 1, 1, 1, 1, 1, 1, 1, 1, 1, 1, 1, 1, 1, 1, 1, 1, 1, 1, 1, 1, 1, 1, 1, 1, 1, 1, 1, 1, 1, 1, 1, 1, 1, 1, 1, 1, 1, 1, 1, 1, 1, 1, 0]
x_t:  tensor([[[106.]]])
----------------------------------
----------------------------------
t: 2600, x_correct: 123.000000, highest prob: 128.000000:
Valor real w:  [123]
palabra codificado:  [1, 1, 1, 1, 1, 1, 1, 1, 1, 1, 1, 1, 0]
x_t:  tensor([[[123.]]])
----------------------------------
----------------------------------
t: 2800, x_correct: 119.000000, highest prob: 128.000000:
Valor real w:  [119]
palabra codificado:  [1, 1, 1, 1, 1, 1, 1, 1, 1, 1, 1, 1, 1, 1, 1, 1, 1, 1, 1, 1, 1, 1, 1, 1, 1, 1, 1, 1, 0]
x_t:  tensor([[[119.]]])
----------------------------------
----------------------------------
t: 3000, x_correct: 93.000000, highest prob: 128.000000:
Valor real w:  [93]
palabra codificado:  [1, 1, 1, 1, 1, 1, 1, 1, 1, 1, 1, 1, 1, 1, 1, 1, 1, 1, 1, 1, 1, 1, 1, 1, 1, 1, 1, 1, 1, 1, 1, 1, 1, 1, 1, 1, 1, 1, 1, 1, 1, 1, 1, 0]
x_t:  tensor([[[93.]]])
----------------------------------
----------------------------------
t: 3200, x_correct: 94.000000, highest prob: 128.000000:
Valor real w:  [94]
palabra codificado:  [1, 1, 1, 1, 1, 1, 1, 1, 1, 1, 1, 1, 1, 1, 1, 1, 1, 1, 1, 1, 1, 1, 1, 1, 1, 1, 1, 1, 1, 1, 1, 1, 1, 1, 1, 0]
x_t:  tensor([[[94.]]])
----------------------------------
----------------------------------
t: 3400, x_correct: 147.000000, highest prob: 128.000000:
Valor real w:  [147]
palabra codificado:  [1, 1, 1, 1, 1, 1, 1, 1, 1, 1, 1, 1, 1, 1, 1, 1, 1, 1, 1, 1, 1, 1, 1, 1, 1, 1, 1, 1, 1, 1, 1, 1, 1, 1, 1, 1, 1, 1, 1, 1, 1, 1, 1, 1, 1, 1, 1, 1, 1, 1, 1, 1, 1, 1, 1, 1, 1, 1, 1, 1, 1, 1, 1, 1, 1, 1, 1, 1, 1, 1, 1, 1, 1, 1, 1, 1, 1, 1, 0]
x_t:  tensor([[[147.]]])
----------------------------------
----------------------------------
t: 3600, x_correct: 189.000000, highest prob: 128.000000:
Valor real w:  [189]
palabra codificado:  [1, 1, 1, 1, 1, 1, 1, 1, 1, 1, 1, 1, 1, 1, 1, 1, 1, 1, 1, 1, 1, 1, 1, 1, 1, 1, 1, 1, 1, 1, 1, 1, 1, 1, 1, 1, 1, 1, 1, 1, 1, 1, 1, 1, 1, 1, 1, 1, 1, 1, 1, 1, 1, 1, 1, 1, 1, 1, 1, 1, 1, 1, 1, 1, 1, 1, 1, 1, 1, 1, 1, 1, 1, 1, 1, 1, 1, 1, 1, 1, 1, 1, 1, 1, 1, 1, 1, 1, 1, 1, 1, 1, 1, 1, 1, 1, 1, 1, 1, 1, 1, 1, 1, 1, 1, 1, 1, 1, 1, 1, 1, 1, 1, 1, 1, 1, 1, 1, 1, 1, 1, 1, 1, 1, 1, 1, 1, 1, 1, 1, 1, 1, 1, 1, 1, 1, 1, 1, 1, 1, 1, 1, 1, 1, 1, 1, 1, 1, 1, 1, 1, 1, 1, 1, 0]
x_t:  tensor([[[189.]]])
----------------------------------
----------------------------------
t: 3800, x_correct: 185.000000, highest prob: 128.000000:
Valor real w:  [185]
palabra codificado:  [1, 1, 1, 1, 1, 1, 1, 1, 1, 1, 1, 1, 1, 1, 1, 1, 1, 1, 1, 1, 1, 1, 1, 1, 1, 1, 1, 1, 1, 1, 1, 1, 1, 1, 1, 1, 1, 1, 1, 1, 1, 1, 1, 1, 1, 1, 1, 1, 1, 1, 1, 1, 1, 1, 1, 1, 1, 1, 1, 1, 1, 1, 1, 1, 1, 1, 1, 1, 1, 1, 1, 1, 1, 1, 1, 1, 1, 1, 1, 1, 1, 1, 1, 1, 1, 1, 1, 1, 1, 1, 1, 1, 1, 1, 1, 1, 1, 1, 1, 1, 1, 1, 1, 1, 1, 1, 1, 1, 1, 1, 1, 1, 1, 1, 1, 1, 1, 1, 1, 1, 1, 1, 1, 1, 1, 1, 1, 1, 1, 1, 1, 1, 1, 1, 1, 1, 1, 1, 1, 1, 1, 1, 1, 1, 1, 1, 1, 1, 1, 1, 1, 0]
x_t:  tensor([[[185.]]])
----------------------------------
----------------------------------
t: 4000, x_correct: 139.000000, highest prob: 128.000000:
Valor real w:  [139]
palabra codificado:  [1, 1, 1, 1, 1, 1, 1, 1, 1, 1, 1, 1, 1, 1, 1, 1, 1, 1, 1, 1, 1, 1, 1, 1, 1, 1, 1, 1, 1, 1, 1, 1, 1, 1, 1, 1, 1, 1, 1, 1, 1, 1, 1, 1, 1, 0]
x_t:  tensor([[[139.]]])
----------------------------------
----------------------------------
t: 4200, x_correct: 132.000000, highest prob: 128.000000:
Valor real w:  [132]
palabra codificado:  [1, 1, 1, 1, 1, 1, 1, 1, 1, 1, 1, 1, 1, 1, 1, 1, 1, 1, 1, 1, 1, 1, 1, 1, 1, 0]
x_t:  tensor([[[132.]]])
----------------------------------
----------------------------------
t: 4400, x_correct: 113.000000, highest prob: 128.000000:
Valor real w:  [113]
palabra codificado:  [1, 1, 1, 1, 1, 1, 1, 1, 1, 1, 1, 1, 1, 1, 1, 1, 1, 1, 1, 1, 1, 1, 1, 1, 1, 1, 1, 1, 1, 1, 1, 1, 1, 1, 1, 1, 1, 1, 1, 1, 1, 0]
x_t:  tensor([[[113.]]])
----------------------------------
----------------------------------
t: 4600, x_correct: 120.000000, highest prob: 128.000000:
Valor real w:  [120]
palabra codificado:  [1, 1, 1, 1, 1, 1, 1, 1, 1, 1, 1, 1, 1, 1, 1, 1, 1, 1, 1, 1, 1, 1, 1, 1, 1, 1, 0]
x_t:  tensor([[[120.]]])
----------------------------------
----------------------------------
t: 4800, x_correct: 110.000000, highest prob: 128.000000:
Valor real w:  [110]
palabra codificado:  [1, 1, 1, 1, 1, 1, 1, 1, 1, 1, 1, 1, 1, 1, 1, 1, 1, 0]
x_t:  tensor([[[110.]]])
----------------------------------
----------------------------------
t: 5000, x_correct: 83.000000, highest prob: 128.000000:
Valor real w:  [83]
palabra codificado:  [1, 1, 1, 1, 1, 1, 1, 1, 1, 1, 1, 1, 1, 1, 1, 1, 1, 1, 1, 1, 1, 1, 1, 1, 1, 1, 1, 1, 1, 1, 1, 1, 1, 1, 1, 1, 1, 1, 1, 1, 1, 1, 1, 1, 1, 1, 1, 1, 1, 1, 1, 1, 1, 1, 1, 1, 1, 1, 1, 1, 1, 1, 1, 1, 1, 1, 1, 1, 1, 1, 1, 1, 1, 1, 1, 1, 1, 1, 1, 1, 1, 1, 1, 1, 1, 1, 1, 1, 1, 1, 1, 1, 1, 1, 1, 1, 1, 1, 1, 1, 1, 1, 1, 1, 1, 1, 1, 0]
x_t:  tensor([[[83.]]])
----------------------------------
----------------------------------
t: 5200, x_correct: 160.000000, highest prob: 128.000000:
Valor real w:  [160]
palabra codificado:  [1, 1, 1, 1, 1, 1, 1, 1, 1, 1, 1, 1, 1, 1, 1, 1, 1, 1, 1, 1, 1, 1, 1, 1, 1, 1, 1, 1, 1, 1, 1, 1, 1, 1, 1, 1, 1, 1, 1, 1, 1, 1, 1, 1, 1, 1, 1, 1, 1, 1, 1, 1, 1, 1, 1, 1, 1, 1, 1, 1, 1, 1, 1, 1, 1, 1, 1, 1, 1, 1, 1, 1, 1, 1, 1, 1, 1, 1, 1, 1, 1, 1, 1, 1, 1, 1, 1, 1, 1, 1, 1, 1, 1, 1, 1, 1, 1, 1, 1, 1, 1, 1, 1, 1, 1, 1, 1, 1, 1, 1, 1, 1, 1, 1, 1, 1, 1, 1, 1, 1, 1, 1, 1, 1, 1, 1, 1, 1, 1, 1, 1, 1, 1, 1, 1, 1, 1, 1, 0]
x_t:  tensor([[[160.]]])
----------------------------------
----------------------------------
t: 5400, x_correct: 131.000000, highest prob: 128.000000:
Valor real w:  [131]
palabra codificado:  [1, 1, 1, 1, 1, 1, 1, 0]
x_t:  tensor([[[131.]]])
----------------------------------
----------------------------------
t: 5600, x_correct: 127.000000, highest prob: 128.000000:
Valor real w:  [127]
palabra codificado:  [1, 1, 1, 1, 0]
x_t:  tensor([[[127.]]])
----------------------------------
----------------------------------
t: 5800, x_correct: 145.000000, highest prob: 128.000000:
Valor real w:  [145]
palabra codificado:  [1, 1, 1, 1, 1, 1, 1, 1, 1, 1, 1, 1, 1, 1, 1, 1, 1, 1, 1, 1, 1, 1, 1, 1, 1, 1, 1, 1, 1, 1, 1, 1, 0]
x_t:  tensor([[[145.]]])
----------------------------------
----------------------------------
t: 6000, x_correct: 186.000000, highest prob: 128.000000:
Valor real w:  [186]
palabra codificado:  [1, 1, 1, 1, 1, 1, 1, 1, 1, 1, 1, 1, 1, 1, 1, 1, 1, 1, 1, 1, 1, 1, 1, 1, 1, 1, 1, 1, 1, 1, 1, 1, 1, 1, 1, 1, 1, 1, 1, 1, 1, 1, 1, 1, 1, 1, 1, 1, 1, 1, 1, 1, 1, 1, 1, 1, 1, 1, 1, 1, 1, 1, 1, 1, 1, 1, 1, 1, 1, 1, 1, 1, 1, 1, 1, 1, 1, 1, 1, 1, 1, 1, 1, 1, 1, 1, 1, 1, 1, 1, 1, 1, 1, 1, 1, 1, 1, 1, 1, 1, 1, 1, 1, 1, 1, 1, 1, 1, 1, 1, 1, 1, 1, 1, 1, 1, 1, 1, 1, 1, 1, 1, 1, 1, 1, 1, 1, 1, 1, 1, 1, 1, 1, 1, 1, 1, 1, 1, 1, 1, 1, 1, 1, 1, 1, 1, 1, 1, 1, 1, 1, 1, 1, 1, 1, 1, 1, 1, 1, 1, 1, 1, 1, 1, 1, 1, 1, 1, 1, 1, 1, 1, 1, 1, 1, 1, 1, 1, 1, 1, 1, 1, 1, 1, 1, 1, 1, 1, 1, 0]
x_t:  tensor([[[186.]]])
----------------------------------
----------------------------------
t: 6200, x_correct: 81.000000, highest prob: 128.000000:
Valor real w:  [81]
palabra codificado:  [1, 1, 1, 1, 1, 1, 1, 1, 1, 1, 1, 1, 1, 1, 1, 1, 1, 1, 1, 1, 1, 1, 1, 1, 1, 1, 1, 1, 1, 1, 1, 1, 1, 1, 1, 1, 1, 1, 1, 1, 1, 1, 1, 1, 1, 1, 1, 1, 1, 1, 1, 1, 1, 1, 1, 1, 1, 1, 1, 1, 1, 1, 1, 1, 1, 1, 1, 1, 1, 1, 1, 1, 1, 1, 1, 1, 1, 1, 1, 1, 1, 1, 1, 1, 1, 1, 1, 1, 1, 1, 1, 1, 1, 1, 1, 1, 1, 1, 1, 1, 1, 1, 1, 1, 1, 1, 1, 1, 1, 1, 1, 1, 1, 1, 1, 1, 1, 1, 1, 1, 1, 1, 1, 1, 1, 1, 1, 1, 1, 1, 1, 1, 1, 1, 1, 1, 1, 1, 1, 1, 1, 1, 1, 1, 1, 1, 1, 1, 1, 1, 1, 1, 1, 1, 1, 1, 1, 1, 1, 1, 1, 1, 1, 1, 1, 1, 1, 1, 1, 1, 1, 1, 1, 1, 1, 1, 1, 1, 1, 1, 1, 1, 1, 1, 1, 1, 1, 1, 1, 1, 1, 1, 1, 1, 1, 1, 1, 1, 1, 1, 1, 1, 1, 1, 0]
x_t:  tensor([[[81.]]])
----------------------------------
----------------------------------
t: 6400, x_correct: 165.000000, highest prob: 128.000000:
Valor real w:  [165]
palabra codificado:  [1, 1, 1, 1, 1, 1, 1, 1, 1, 1, 1, 1, 1, 1, 1, 1, 1, 1, 1, 1, 1, 1, 1, 1, 1, 1, 1, 1, 1, 1, 1, 1, 1, 1, 1, 1, 1, 1, 1, 1, 1, 1, 1, 1, 0]
x_t:  tensor([[[165.]]])
----------------------------------
----------------------------------
t: 6600, x_correct: 83.000000, highest prob: 128.000000:
Valor real w:  [83]
palabra codificado:  [1, 1, 1, 1, 1, 1, 1, 1, 1, 1, 1, 1, 1, 1, 1, 1, 1, 1, 1, 1, 1, 1, 1, 1, 1, 1, 1, 1, 1, 1, 1, 1, 1, 1, 1, 1, 1, 1, 1, 1, 1, 1, 1, 1, 1, 1, 1, 1, 1, 1, 1, 1, 1, 1, 1, 1, 1, 1, 1, 1, 1, 1, 1, 1, 1, 1, 1, 1, 1, 1, 1, 1, 1, 1, 1, 1, 1, 1, 1, 1, 1, 1, 1, 1, 1, 1, 1, 1, 1, 1, 1, 1, 1, 1, 1, 1, 1, 1, 1, 1, 1, 1, 1, 1, 1, 1, 1, 0]
x_t:  tensor([[[83.]]])
----------------------------------
----------------------------------
t: 6800, x_correct: 162.000000, highest prob: 128.000000:
Valor real w:  [162]
palabra codificado:  [1, 1, 1, 1, 1, 1, 1, 1, 1, 1, 1, 1, 1, 1, 1, 1, 1, 1, 1, 1, 1, 1, 1, 1, 1, 1, 1, 1, 1, 1, 1, 1, 1, 1, 1, 1, 1, 1, 1, 1, 1, 1, 1, 1, 1, 1, 1, 1, 1, 1, 1, 1, 1, 1, 1, 1, 1, 1, 1, 1, 1, 1, 1, 0]
x_t:  tensor([[[162.]]])
----------------------------------
----------------------------------
t: 7000, x_correct: 93.000000, highest prob: 128.000000:
Valor real w:  [93]
palabra codificado:  [1, 1, 1, 1, 1, 1, 1, 1, 1, 1, 1, 1, 1, 1, 1, 1, 1, 1, 1, 1, 1, 1, 1, 1, 1, 1, 1, 1, 1, 1, 1, 1, 1, 1, 1, 1, 1, 1, 1, 1, 1, 1, 1, 0]
x_t:  tensor([[[93.]]])
----------------------------------
----------------------------------
t: 7200, x_correct: 143.000000, highest prob: 128.000000:
Valor real w:  [143]
palabra codificado:  [1, 1, 1, 1, 1, 1, 1, 1, 1, 1, 1, 1, 1, 0]
x_t:  tensor([[[143.]]])
----------------------------------
----------------------------------
t: 7400, x_correct: 127.000000, highest prob: 128.000000:
Valor real w:  [127]
palabra codificado:  [1, 1, 1, 1, 0]
x_t:  tensor([[[127.]]])
----------------------------------
----------------------------------
t: 7600, x_correct: 127.000000, highest prob: 128.000000:
Valor real w:  [127]
palabra codificado:  [1, 1, 1, 1, 0]
x_t:  tensor([[[127.]]])
----------------------------------
----------------------------------
t: 7800, x_correct: 124.000000, highest prob: 128.000000:
Valor real w:  [124]
palabra codificado:  [1, 1, 1, 1, 1, 0]
x_t:  tensor([[[124.]]])
----------------------------------
Original size:  8.0 bits/sample
Encoded size:  50.44225 bits/sample
Compression rate:  0.15859720769791197
  input dimension: 1
  hidden dimension: 256
  output dimension: 256
  number of LSTM layers: 2
  number of epochs: 10
  batch size: 32
(16185, 8000)
N muestras/se単al:  8000
N se単ales:  16185
0 241
  x_test: (100, 8000, 1) (uint8)
  x_dev: (100, 8000, 1) (uint8)
  x_train: (100, 8000, 1) (uint8)
  x_dev_aux: (10, 100, 1) (uint8)
  x_train_aux: (10, 100, 1) (uint8)
----------------------------------
t: 0, x_correct: 0.000000, highest prob: 128.000000:
Valor real w:  [0]
palabra codificado:  [1, 1, 1, 1, 1, 1, 1, 1, 1, 1, 1, 1, 1, 1, 1, 1, 1, 1, 1, 1, 1, 1, 1, 1, 1, 1, 1, 1, 1, 1, 1, 1, 1, 1, 1, 1, 1, 1, 1, 1, 1, 1, 1, 1, 1, 1, 1, 1, 1, 1, 1, 1, 1, 1, 1, 1, 1, 1, 1, 1, 1, 1, 1, 1, 1, 1, 1, 1, 1, 1, 1, 1, 1, 1, 1, 1, 1, 1, 1, 1, 1, 1, 1, 1, 1, 1, 1, 1, 1, 0]
x_t:  tensor([[[0.]]])
----------------------------------
----------------------------------
t: 200, x_correct: 129.000000, highest prob: 128.000000:
Valor real w:  [129]
palabra codificado:  [1, 1, 0]
x_t:  tensor([[[129.]]])
----------------------------------
----------------------------------
t: 400, x_correct: 126.000000, highest prob: 128.000000:
Valor real w:  [126]
palabra codificado:  [1, 0]
x_t:  tensor([[[126.]]])
----------------------------------
----------------------------------
t: 600, x_correct: 128.000000, highest prob: 128.000000:
Valor real w:  [128]
palabra codificado:  [0]
x_t:  tensor([[[128.]]])
----------------------------------
----------------------------------
t: 800, x_correct: 128.000000, highest prob: 128.000000:
Valor real w:  [128]
palabra codificado:  [0]
x_t:  tensor([[[128.]]])
----------------------------------
----------------------------------
t: 1000, x_correct: 127.000000, highest prob: 128.000000:
Valor real w:  [127]
palabra codificado:  [1, 1, 1, 1, 0]
x_t:  tensor([[[127.]]])
----------------------------------
----------------------------------
t: 1200, x_correct: 139.000000, highest prob: 128.000000:
Valor real w:  [139]
palabra codificado:  [1, 1, 1, 1, 1, 1, 1, 1, 1, 1, 1, 1, 1, 1, 1, 1, 1, 1, 1, 1, 1, 1, 1, 1, 1, 1, 1, 1, 1, 1, 1, 1, 1, 1, 1, 1, 1, 1, 1, 1, 1, 1, 1, 1, 1, 0]
x_t:  tensor([[[139.]]])
----------------------------------
----------------------------------
t: 1400, x_correct: 96.000000, highest prob: 128.000000:
Valor real w:  [96]
palabra codificado:  [1, 1, 1, 1, 1, 1, 1, 1, 1, 1, 1, 0]
x_t:  tensor([[[96.]]])
----------------------------------
----------------------------------
t: 1600, x_correct: 101.000000, highest prob: 128.000000:
Valor real w:  [101]
palabra codificado:  [1, 1, 1, 1, 1, 1, 1, 1, 1, 1, 1, 1, 1, 1, 1, 1, 1, 1, 1, 1, 1, 1, 1, 1, 1, 1, 1, 1, 1, 1, 1, 1, 1, 1, 1, 0]
x_t:  tensor([[[101.]]])
----------------------------------
----------------------------------
t: 1800, x_correct: 116.000000, highest prob: 128.000000:
Valor real w:  [116]
palabra codificado:  [1, 1, 1, 1, 1, 1, 1, 1, 1, 1, 1, 1, 1, 1, 1, 1, 1, 1, 1, 1, 1, 1, 1, 1, 1, 1, 1, 1, 1, 1, 1, 1, 1, 1, 1, 1, 1, 1, 0]
x_t:  tensor([[[116.]]])
----------------------------------
----------------------------------
t: 2000, x_correct: 141.000000, highest prob: 128.000000:
Valor real w:  [141]
palabra codificado:  [1, 1, 1, 1, 1, 1, 1, 1, 1, 1, 1, 1, 1, 1, 0]
x_t:  tensor([[[141.]]])
----------------------------------
----------------------------------
t: 2200, x_correct: 162.000000, highest prob: 128.000000:
Valor real w:  [162]
palabra codificado:  [1, 1, 1, 1, 1, 1, 1, 1, 1, 1, 1, 1, 1, 1, 1, 1, 1, 1, 1, 1, 1, 1, 1, 1, 1, 1, 1, 1, 1, 1, 1, 1, 1, 1, 1, 1, 1, 1, 1, 1, 1, 1, 1, 1, 1, 1, 1, 1, 1, 1, 1, 1, 1, 1, 1, 1, 1, 1, 1, 1, 1, 1, 1, 0]
x_t:  tensor([[[162.]]])
----------------------------------
----------------------------------
t: 2400, x_correct: 106.000000, highest prob: 128.000000:
Valor real w:  [106]
palabra codificado:  [1, 1, 1, 1, 1, 1, 1, 1, 1, 1, 1, 1, 1, 1, 1, 1, 1, 1, 1, 1, 1, 1, 1, 1, 1, 1, 1, 1, 1, 1, 1, 1, 1, 1, 1, 1, 1, 1, 1, 1, 1, 1, 1, 1, 1, 1, 1, 0]
x_t:  tensor([[[106.]]])
----------------------------------
----------------------------------
t: 2600, x_correct: 123.000000, highest prob: 128.000000:
Valor real w:  [123]
palabra codificado:  [1, 1, 1, 1, 1, 1, 1, 1, 1, 1, 1, 1, 0]
x_t:  tensor([[[123.]]])
----------------------------------
----------------------------------
t: 2800, x_correct: 119.000000, highest prob: 128.000000:
Valor real w:  [119]
palabra codificado:  [1, 1, 1, 1, 1, 1, 1, 1, 1, 1, 1, 1, 1, 1, 1, 1, 1, 1, 1, 1, 1, 1, 1, 1, 1, 1, 1, 1, 0]
x_t:  tensor([[[119.]]])
----------------------------------
----------------------------------
t: 3000, x_correct: 93.000000, highest prob: 128.000000:
Valor real w:  [93]
palabra codificado:  [1, 1, 1, 1, 1, 1, 1, 1, 1, 1, 1, 1, 1, 1, 1, 1, 1, 1, 1, 1, 1, 1, 1, 1, 1, 1, 1, 1, 1, 1, 1, 1, 1, 1, 1, 1, 1, 1, 1, 1, 1, 1, 1, 0]
x_t:  tensor([[[93.]]])
----------------------------------
----------------------------------
t: 3200, x_correct: 94.000000, highest prob: 128.000000:
Valor real w:  [94]
palabra codificado:  [1, 1, 1, 1, 1, 1, 1, 1, 1, 1, 1, 1, 1, 1, 1, 1, 1, 1, 1, 1, 1, 1, 1, 1, 1, 1, 1, 1, 1, 1, 1, 1, 1, 1, 1, 0]
x_t:  tensor([[[94.]]])
----------------------------------
----------------------------------
t: 3400, x_correct: 147.000000, highest prob: 128.000000:
Valor real w:  [147]
palabra codificado:  [1, 1, 1, 1, 1, 1, 1, 1, 1, 1, 1, 1, 1, 1, 1, 1, 1, 1, 1, 1, 1, 1, 1, 1, 1, 1, 1, 1, 1, 1, 1, 1, 1, 1, 1, 1, 1, 1, 1, 1, 1, 1, 1, 1, 1, 1, 1, 1, 1, 1, 1, 1, 1, 1, 1, 1, 1, 1, 1, 1, 1, 1, 1, 1, 1, 1, 1, 1, 1, 1, 1, 1, 1, 1, 1, 1, 1, 1, 0]
x_t:  tensor([[[147.]]])
----------------------------------
----------------------------------
t: 3600, x_correct: 189.000000, highest prob: 128.000000:
Valor real w:  [189]
palabra codificado:  [1, 1, 1, 1, 1, 1, 1, 1, 1, 1, 1, 1, 1, 1, 1, 1, 1, 1, 1, 1, 1, 1, 1, 1, 1, 1, 1, 1, 1, 1, 1, 1, 1, 1, 1, 1, 1, 1, 1, 1, 1, 1, 1, 1, 1, 1, 1, 1, 1, 1, 1, 1, 1, 1, 1, 1, 1, 1, 1, 1, 1, 1, 1, 1, 1, 1, 1, 1, 1, 1, 1, 1, 1, 1, 1, 1, 1, 1, 1, 1, 1, 1, 1, 1, 1, 1, 1, 1, 1, 1, 1, 1, 1, 1, 1, 1, 1, 1, 1, 1, 1, 1, 1, 1, 1, 1, 1, 1, 1, 1, 1, 1, 1, 1, 1, 1, 1, 1, 1, 1, 1, 1, 1, 1, 1, 1, 1, 1, 1, 1, 1, 1, 1, 1, 1, 1, 1, 1, 1, 1, 1, 1, 1, 1, 1, 1, 1, 1, 1, 1, 1, 1, 1, 1, 0]
x_t:  tensor([[[189.]]])
----------------------------------
----------------------------------
t: 3800, x_correct: 185.000000, highest prob: 128.000000:
Valor real w:  [185]
palabra codificado:  [1, 1, 1, 1, 1, 1, 1, 1, 1, 1, 1, 1, 1, 1, 1, 1, 1, 1, 1, 1, 1, 1, 1, 1, 1, 1, 1, 1, 1, 1, 1, 1, 1, 1, 1, 1, 1, 1, 1, 1, 1, 1, 1, 1, 1, 1, 1, 1, 1, 1, 1, 1, 1, 1, 1, 1, 1, 1, 1, 1, 1, 1, 1, 1, 1, 1, 1, 1, 1, 1, 1, 1, 1, 1, 1, 1, 1, 1, 1, 1, 1, 1, 1, 1, 1, 1, 1, 1, 1, 1, 1, 1, 1, 1, 1, 1, 1, 1, 1, 1, 1, 1, 1, 1, 1, 1, 1, 1, 1, 1, 1, 1, 1, 1, 1, 1, 1, 1, 1, 1, 1, 1, 1, 1, 1, 1, 1, 1, 1, 1, 1, 1, 1, 1, 1, 1, 1, 1, 1, 1, 1, 1, 1, 1, 1, 1, 1, 1, 1, 1, 1, 0]
x_t:  tensor([[[185.]]])
----------------------------------
----------------------------------
t: 4000, x_correct: 139.000000, highest prob: 128.000000:
Valor real w:  [139]
palabra codificado:  [1, 1, 1, 1, 1, 1, 1, 1, 1, 1, 1, 1, 1, 1, 1, 1, 1, 1, 1, 1, 1, 1, 1, 1, 1, 1, 1, 1, 1, 1, 1, 1, 1, 1, 1, 1, 1, 1, 1, 1, 1, 1, 1, 1, 1, 0]
x_t:  tensor([[[139.]]])
----------------------------------
----------------------------------
t: 4200, x_correct: 132.000000, highest prob: 128.000000:
Valor real w:  [132]
palabra codificado:  [1, 1, 1, 1, 1, 1, 1, 1, 1, 1, 1, 1, 1, 1, 1, 1, 1, 1, 1, 1, 1, 1, 1, 1, 1, 0]
x_t:  tensor([[[132.]]])
----------------------------------
----------------------------------
t: 4400, x_correct: 113.000000, highest prob: 128.000000:
Valor real w:  [113]
palabra codificado:  [1, 1, 1, 1, 1, 1, 1, 1, 1, 1, 1, 1, 1, 1, 1, 1, 1, 1, 1, 1, 1, 1, 1, 1, 1, 1, 1, 1, 1, 1, 1, 1, 1, 1, 1, 1, 1, 1, 1, 1, 1, 0]
x_t:  tensor([[[113.]]])
----------------------------------
----------------------------------
t: 4600, x_correct: 120.000000, highest prob: 128.000000:
Valor real w:  [120]
palabra codificado:  [1, 1, 1, 1, 1, 1, 1, 1, 1, 1, 1, 1, 1, 1, 1, 1, 1, 1, 1, 1, 1, 1, 1, 1, 1, 1, 0]
x_t:  tensor([[[120.]]])
----------------------------------
----------------------------------
t: 4800, x_correct: 110.000000, highest prob: 128.000000:
Valor real w:  [110]
palabra codificado:  [1, 1, 1, 1, 1, 1, 1, 1, 1, 1, 1, 1, 1, 1, 1, 1, 1, 0]
x_t:  tensor([[[110.]]])
----------------------------------
----------------------------------
t: 5000, x_correct: 83.000000, highest prob: 128.000000:
Valor real w:  [83]
palabra codificado:  [1, 1, 1, 1, 1, 1, 1, 1, 1, 1, 1, 1, 1, 1, 1, 1, 1, 1, 1, 1, 1, 1, 1, 1, 1, 1, 1, 1, 1, 1, 1, 1, 1, 1, 1, 1, 1, 1, 1, 1, 1, 1, 1, 1, 1, 1, 1, 1, 1, 1, 1, 1, 1, 1, 1, 1, 1, 1, 1, 1, 1, 1, 1, 1, 1, 1, 1, 1, 1, 1, 1, 1, 1, 1, 1, 1, 1, 1, 1, 1, 1, 1, 1, 1, 1, 1, 1, 1, 1, 1, 1, 1, 1, 1, 1, 1, 1, 1, 1, 1, 1, 1, 1, 1, 1, 1, 1, 0]
x_t:  tensor([[[83.]]])
----------------------------------
----------------------------------
t: 5200, x_correct: 160.000000, highest prob: 128.000000:
Valor real w:  [160]
palabra codificado:  [1, 1, 1, 1, 1, 1, 1, 1, 1, 1, 1, 1, 1, 1, 1, 1, 1, 1, 1, 1, 1, 1, 1, 1, 1, 1, 1, 1, 1, 1, 1, 1, 1, 1, 1, 1, 1, 1, 1, 1, 1, 1, 1, 1, 1, 1, 1, 1, 1, 1, 1, 1, 1, 1, 1, 1, 1, 1, 1, 1, 1, 1, 1, 1, 1, 1, 1, 1, 1, 1, 1, 1, 1, 1, 1, 1, 1, 1, 1, 1, 1, 1, 1, 1, 1, 1, 1, 1, 1, 1, 1, 1, 1, 1, 1, 1, 1, 1, 1, 1, 1, 1, 1, 1, 1, 1, 1, 1, 1, 1, 1, 1, 1, 1, 1, 1, 1, 1, 1, 1, 1, 1, 1, 1, 1, 1, 1, 1, 1, 1, 1, 1, 1, 1, 1, 1, 1, 1, 0]
x_t:  tensor([[[160.]]])
----------------------------------
----------------------------------
t: 5400, x_correct: 131.000000, highest prob: 128.000000:
Valor real w:  [131]
palabra codificado:  [1, 1, 1, 1, 1, 1, 1, 0]
x_t:  tensor([[[131.]]])
----------------------------------
----------------------------------
t: 5600, x_correct: 127.000000, highest prob: 128.000000:
Valor real w:  [127]
palabra codificado:  [1, 1, 1, 1, 0]
x_t:  tensor([[[127.]]])
----------------------------------
----------------------------------
t: 5800, x_correct: 145.000000, highest prob: 128.000000:
Valor real w:  [145]
palabra codificado:  [1, 1, 1, 1, 1, 1, 1, 1, 1, 1, 1, 1, 1, 1, 1, 1, 1, 1, 1, 1, 1, 1, 1, 1, 1, 1, 1, 1, 1, 1, 1, 1, 0]
x_t:  tensor([[[145.]]])
----------------------------------
----------------------------------
t: 6000, x_correct: 186.000000, highest prob: 128.000000:
Valor real w:  [186]
palabra codificado:  [1, 1, 1, 1, 1, 1, 1, 1, 1, 1, 1, 1, 1, 1, 1, 1, 1, 1, 1, 1, 1, 1, 1, 1, 1, 1, 1, 1, 1, 1, 1, 1, 1, 1, 1, 1, 1, 1, 1, 1, 1, 1, 1, 1, 1, 1, 1, 1, 1, 1, 1, 1, 1, 1, 1, 1, 1, 1, 1, 1, 1, 1, 1, 1, 1, 1, 1, 1, 1, 1, 1, 1, 1, 1, 1, 1, 1, 1, 1, 1, 1, 1, 1, 1, 1, 1, 1, 1, 1, 1, 1, 1, 1, 1, 1, 1, 1, 1, 1, 1, 1, 1, 1, 1, 1, 1, 1, 1, 1, 1, 1, 1, 1, 1, 1, 1, 1, 1, 1, 1, 1, 1, 1, 1, 1, 1, 1, 1, 1, 1, 1, 1, 1, 1, 1, 1, 1, 1, 1, 1, 1, 1, 1, 1, 1, 1, 1, 1, 1, 1, 1, 1, 1, 1, 1, 1, 1, 1, 1, 1, 1, 1, 1, 1, 1, 1, 1, 1, 1, 1, 1, 1, 1, 1, 1, 1, 1, 1, 1, 1, 1, 1, 1, 1, 1, 1, 1, 1, 1, 0]
x_t:  tensor([[[186.]]])
----------------------------------
----------------------------------
t: 6200, x_correct: 81.000000, highest prob: 128.000000:
Valor real w:  [81]
palabra codificado:  [1, 1, 1, 1, 1, 1, 1, 1, 1, 1, 1, 1, 1, 1, 1, 1, 1, 1, 1, 1, 1, 1, 1, 1, 1, 1, 1, 1, 1, 1, 1, 1, 1, 1, 1, 1, 1, 1, 1, 1, 1, 1, 1, 1, 1, 1, 1, 1, 1, 1, 1, 1, 1, 1, 1, 1, 1, 1, 1, 1, 1, 1, 1, 1, 1, 1, 1, 1, 1, 1, 1, 1, 1, 1, 1, 1, 1, 1, 1, 1, 1, 1, 1, 1, 1, 1, 1, 1, 1, 1, 1, 1, 1, 1, 1, 1, 1, 1, 1, 1, 1, 1, 1, 1, 1, 1, 1, 1, 1, 1, 1, 1, 1, 1, 1, 1, 1, 1, 1, 1, 1, 1, 1, 1, 1, 1, 1, 1, 1, 1, 1, 1, 1, 1, 1, 1, 1, 1, 1, 1, 1, 1, 1, 1, 1, 1, 1, 1, 1, 1, 1, 1, 1, 1, 1, 1, 1, 1, 1, 1, 1, 1, 1, 1, 1, 1, 1, 1, 1, 1, 1, 1, 1, 1, 1, 1, 1, 1, 1, 1, 1, 1, 1, 1, 1, 1, 1, 1, 1, 1, 1, 1, 1, 1, 1, 1, 1, 1, 1, 1, 1, 1, 1, 1, 0]
x_t:  tensor([[[81.]]])
----------------------------------
----------------------------------
t: 6400, x_correct: 165.000000, highest prob: 128.000000:
Valor real w:  [165]
palabra codificado:  [1, 1, 1, 1, 1, 1, 1, 1, 1, 1, 1, 1, 1, 1, 1, 1, 1, 1, 1, 1, 1, 1, 1, 1, 1, 1, 1, 1, 1, 1, 1, 1, 1, 1, 1, 1, 1, 1, 1, 1, 1, 1, 1, 1, 0]
x_t:  tensor([[[165.]]])
----------------------------------
----------------------------------
t: 6600, x_correct: 83.000000, highest prob: 128.000000:
Valor real w:  [83]
palabra codificado:  [1, 1, 1, 1, 1, 1, 1, 1, 1, 1, 1, 1, 1, 1, 1, 1, 1, 1, 1, 1, 1, 1, 1, 1, 1, 1, 1, 1, 1, 1, 1, 1, 1, 1, 1, 1, 1, 1, 1, 1, 1, 1, 1, 1, 1, 1, 1, 1, 1, 1, 1, 1, 1, 1, 1, 1, 1, 1, 1, 1, 1, 1, 1, 1, 1, 1, 1, 1, 1, 1, 1, 1, 1, 1, 1, 1, 1, 1, 1, 1, 1, 1, 1, 1, 1, 1, 1, 1, 1, 1, 1, 1, 1, 1, 1, 1, 1, 1, 1, 1, 1, 1, 1, 1, 1, 1, 1, 0]
x_t:  tensor([[[83.]]])
----------------------------------
----------------------------------
t: 6800, x_correct: 162.000000, highest prob: 128.000000:
Valor real w:  [162]
palabra codificado:  [1, 1, 1, 1, 1, 1, 1, 1, 1, 1, 1, 1, 1, 1, 1, 1, 1, 1, 1, 1, 1, 1, 1, 1, 1, 1, 1, 1, 1, 1, 1, 1, 1, 1, 1, 1, 1, 1, 1, 1, 1, 1, 1, 1, 1, 1, 1, 1, 1, 1, 1, 1, 1, 1, 1, 1, 1, 1, 1, 1, 1, 1, 1, 0]
x_t:  tensor([[[162.]]])
----------------------------------
----------------------------------
t: 7000, x_correct: 93.000000, highest prob: 128.000000:
Valor real w:  [93]
palabra codificado:  [1, 1, 1, 1, 1, 1, 1, 1, 1, 1, 1, 1, 1, 1, 1, 1, 1, 1, 1, 1, 1, 1, 1, 1, 1, 1, 1, 1, 1, 1, 1, 1, 1, 1, 1, 1, 1, 1, 1, 1, 1, 1, 1, 0]
x_t:  tensor([[[93.]]])
----------------------------------
----------------------------------
t: 7200, x_correct: 143.000000, highest prob: 128.000000:
Valor real w:  [143]
palabra codificado:  [1, 1, 1, 1, 1, 1, 1, 1, 1, 1, 1, 1, 1, 0]
x_t:  tensor([[[143.]]])
----------------------------------
----------------------------------
t: 7400, x_correct: 127.000000, highest prob: 128.000000:
Valor real w:  [127]
palabra codificado:  [1, 1, 1, 1, 0]
x_t:  tensor([[[127.]]])
----------------------------------
----------------------------------
t: 7600, x_correct: 127.000000, highest prob: 128.000000:
Valor real w:  [127]
palabra codificado:  [1, 1, 1, 1, 0]
x_t:  tensor([[[127.]]])
----------------------------------
----------------------------------
t: 7800, x_correct: 124.000000, highest prob: 128.000000:
Valor real w:  [124]
palabra codificado:  [1, 1, 1, 1, 1, 0]
x_t:  tensor([[[124.]]])
----------------------------------
Original size:  8.0 bits/sample
Encoded size:  50.44225 bits/sample
Compression rate:  0.15859720769791197
