model3L100B16MBR2.dat
  input dimension: 1
  hidden dimension: 256
  output dimension: 256
  number of LSTM layers: 3
  number of epochs: 100
  batch size: 16
Random seed =  2
  x_test: (100, 8000, 1) (uint8)
  x_dev: (100, 8000, 1) (uint8)
  x_train: (15985, 8000, 1) (uint8)
Net(
  (lstm): LSTM(1, 256, num_layers=3, batch_first=True, dropout=0.5)
  (fc): Linear(in_features=256, out_features=256, bias=True)
  (J): CrossEntropyLoss()
)
# param:    1383680
it 0/100, Jtr = 0.000281, time: 00:24:41
    Jdev = 0.000384

it 1/100, Jtr = 0.000241, time: 00:24:56
    Jdev = 0.000370

it 2/100, Jtr = 0.000234, time: 00:24:57
    Jdev = 0.000363

it 3/100, Jtr = 0.000229, time: 00:25:01
    Jdev = 0.000359

it 4/100, Jtr = 0.000226, time: 00:25:05
    Jdev = 0.000355

it 5/100, Jtr = 0.000224, time: 00:24:59
    Jdev = 0.000350

it 6/100, Jtr = 0.000222, time: 00:25:02
    Jdev = 0.000348

it 7/100, Jtr = 0.000221, time: 00:24:49
    Jdev = 0.000347

it 8/100, Jtr = 0.000219, time: 00:24:49
    Jdev = 0.000344

it 9/100, Jtr = 0.000218, time: 00:24:52
    Jdev = 0.000343

it 10/100, Jtr = 0.000218, time: 00:25:00
    Jdev = 0.000340

it 11/100, Jtr = 0.000263, time: 00:24:46
    Jdev = 0.000396

it 12/100, Jtr = 0.000247, time: 00:25:02
    Jdev = 0.000381

it 13/100, Jtr = 0.000241, time: 00:25:00
    Jdev = 0.000376

it 14/100, Jtr = 0.000238, time: 00:25:04
    Jdev = 0.000371

it 15/100, Jtr = 0.000236, time: 00:24:53
    Jdev = 0.000369

it 16/100, Jtr = 0.000235, time: 00:24:35
    Jdev = 0.000368

it 17/100, Jtr = 0.000233, time: 00:24:44
    Jdev = 0.000367

it 18/100, Jtr = 0.000231, time: 00:25:00
    Jdev = 0.000368

it 19/100, Jtr = 0.000231, time: 00:24:58
    Jdev = 0.000361

it 20/100, Jtr = 0.000230, time: 00:24:49
    Jdev = 0.000364

it 21/100, Jtr = 0.000229, time: 00:24:50
    Jdev = 0.000361

it 22/100, Jtr = 0.000227, time: 00:24:51
    Jdev = 0.000364

it 23/100, Jtr = 0.000226, time: 00:24:54
    Jdev = 0.000358

it 24/100, Jtr = 0.000225, time: 00:24:55
    Jdev = 0.000360

it 25/100, Jtr = 0.000225, time: 00:24:51
    Jdev = 0.000355

it 26/100, Jtr = 0.000225, time: 00:24:52
    Jdev = 0.000358

it 27/100, Jtr = 0.000224, time: 00:24:47
    Jdev = 0.000363

it 28/100, Jtr = 0.000224, time: 00:24:44
    Jdev = 0.000364

it 29/100, Jtr = 0.000227, time: 00:24:56
    Jdev = 0.000363

it 30/100, Jtr = 0.000227, time: 00:24:46
    Jdev = 0.000356

it 31/100, Jtr = 0.000225, time: 00:24:38
    Jdev = 0.000355

it 32/100, Jtr = 0.000224, time: 00:24:50
    Jdev = 0.000354

it 33/100, Jtr = 0.000223, time: 00:24:59
    Jdev = 0.000353

it 34/100, Jtr = 0.000222, time: 00:24:42
    Jdev = 0.000353

it 35/100, Jtr = 0.000222, time: 00:24:45
    Jdev = 0.000353

it 36/100, Jtr = 0.000222, time: 00:24:49
    Jdev = 0.000352

it 37/100, Jtr = 0.000221, time: 00:24:49
    Jdev = 0.000351

it 38/100, Jtr = 0.000221, time: 00:24:48
    Jdev = 0.000351

it 39/100, Jtr = 0.000221, time: 00:24:52
    Jdev = 0.000351

it 40/100, Jtr = 0.000220, time: 00:24:50
    Jdev = 0.000350

it 41/100, Jtr = 0.000220, time: 00:24:50
    Jdev = 0.000350

it 42/100, Jtr = 0.000220, time: 00:24:57
    Jdev = 0.000349

it 43/100, Jtr = 0.000220, time: 00:24:35
    Jdev = 0.000348

it 44/100, Jtr = 0.000219, time: 00:24:52
    Jdev = 0.000349

it 45/100, Jtr = 0.000219, time: 00:24:57
    Jdev = 0.000350

it 46/100, Jtr = 0.000219, time: 00:25:00
    Jdev = 0.000350

it 47/100, Jtr = 0.000219, time: 00:24:53
    Jdev = 0.000348

it 48/100, Jtr = 0.000218, time: 00:24:46
    Jdev = 0.000350

it 49/100, Jtr = 0.000218, time: 00:24:40
    Jdev = 0.000348

it 50/100, Jtr = 0.000218, time: 00:24:54
    Jdev = 0.000349

it 51/100, Jtr = 0.000218, time: 00:24:51
    Jdev = 0.000349

it 52/100, Jtr = 0.000218, time: 00:24:53
    Jdev = 0.000348

it 53/100, Jtr = 0.000217, time: 00:24:54
    Jdev = 0.000347

it 54/100, Jtr = 0.000217, time: 00:24:50
    Jdev = 0.000348

it 55/100, Jtr = 0.000217, time: 00:25:00
    Jdev = 0.000347

it 56/100, Jtr = 0.000217, time: 00:24:47
    Jdev = 0.000347

it 57/100, Jtr = 0.000217, time: 00:24:54
    Jdev = 0.000347

it 58/100, Jtr = 0.000217, time: 00:24:57
    Jdev = 0.000347

it 59/100, Jtr = 0.000217, time: 00:24:53
    Jdev = 0.000346

it 60/100, Jtr = 0.000216, time: 00:24:57
    Jdev = 0.000346

it 61/100, Jtr = 0.000216, time: 00:24:51
    Jdev = 0.000345

it 62/100, Jtr = 0.000216, time: 00:24:49
    Jdev = 0.000346

it 63/100, Jtr = 0.000216, time: 00:24:48
    Jdev = 0.000345

it 64/100, Jtr = 0.000216, time: 00:24:47
    Jdev = 0.000346

it 65/100, Jtr = 0.000216, time: 00:24:58
    Jdev = 0.000345

it 66/100, Jtr = 0.000216, time: 00:24:52
    Jdev = 0.000345

it 67/100, Jtr = 0.000216, time: 00:24:47
    Jdev = 0.000346

it 68/100, Jtr = 0.000216, time: 00:24:43
    Jdev = 0.000345

it 69/100, Jtr = 0.000216, time: 00:24:52
    Jdev = 0.000345

it 70/100, Jtr = 0.000216, time: 00:24:44
    Jdev = 0.000345

it 71/100, Jtr = 0.000216, time: 00:24:43
    Jdev = 0.000345

it 72/100, Jtr = 0.000216, time: 00:24:47
    Jdev = 0.000345

it 73/100, Jtr = 0.000216, time: 00:25:01
    Jdev = 0.000345

it 74/100, Jtr = 0.000216, time: 00:24:55
    Jdev = 0.000345

it 75/100, Jtr = 0.000216, time: 00:25:03
    Jdev = 0.000345

it 76/100, Jtr = 0.000216, time: 00:25:01
    Jdev = 0.000345

it 77/100, Jtr = 0.000216, time: 00:25:02
    Jdev = 0.000345

it 78/100, Jtr = 0.000216, time: 00:24:59
    Jdev = 0.000345

it 79/100, Jtr = 0.000216, time: 00:24:54
    Jdev = 0.000345

it 80/100, Jtr = 0.000216, time: 00:24:54
    Jdev = 0.000344

it 81/100, Jtr = 0.000216, time: 00:24:57
    Jdev = 0.000345

it 82/100, Jtr = 0.000216, time: 00:24:56
    Jdev = 0.000345

it 83/100, Jtr = 0.000216, time: 00:24:46
    Jdev = 0.000345

it 84/100, Jtr = 0.000215, time: 00:24:51
    Jdev = 0.000344

it 85/100, Jtr = 0.000215, time: 00:24:47
    Jdev = 0.000345

it 86/100, Jtr = 0.000215, time: 00:25:02
    Jdev = 0.000344

it 87/100, Jtr = 0.000215, time: 00:25:01
    Jdev = 0.000344

it 88/100, Jtr = 0.000215, time: 00:24:58
    Jdev = 0.000344

it 89/100, Jtr = 0.000215, time: 00:24:54
    Jdev = 0.000344

it 90/100, Jtr = 0.000215, time: 00:24:45
    Jdev = 0.000343

it 91/100, Jtr = 0.000215, time: 00:24:48
    Jdev = 0.000343

it 92/100, Jtr = 0.000215, time: 00:24:57
    Jdev = 0.000343

it 93/100, Jtr = 0.000215, time: 00:25:04
    Jdev = 0.000343

it 94/100, Jtr = 0.000215, time: 00:25:13
    Jdev = 0.000343

it 95/100, Jtr = 0.000215, time: 00:25:27
    Jdev = 0.000343

it 96/100, Jtr = 0.000215, time: 00:25:31
    Jdev = 0.000343

it 97/100, Jtr = 0.000215, time: 00:25:21
    Jdev = 0.000343

it 98/100, Jtr = 0.000215, time: 00:25:44
    Jdev = 0.000343

it 99/100, Jtr = 0.000215, time: 00:25:26
    Jdev = 0.000343

